<?xml version="1.0" encoding="UTF-8"?><testrun name="TodoRepositoryTests.testRead" project="ktech" tests="1" started="1" failures="0" errors="1" ignored="0">
  <testsuite name="org.zerock.repository.TodoRepositoryTests" time="0.376" displayname="TodoRepositoryTests" uniqueid="[engine:junit-jupiter]/[class:org.zerock.repository.TodoRepositoryTests]">
    <testcase name="testRead" classname="org.zerock.repository.TodoRepositoryTests" time="0.376" displayname="testRead()" uniqueid="[engine:junit-jupiter]/[class:org.zerock.repository.TodoRepositoryTests]/[method:testRead()]">
      <error>java.util.NoSuchElementException: No value present&#13;
	at java.base/java.util.Optional.get(Optional.java:143)&#13;
	at org.zerock.repository.TodoRepositoryTests.testRead(TodoRepositoryTests.java:85)&#13;
	at java.base/java.lang.reflect.Method.invoke(Method.java:568)&#13;
	at java.base/java.util.ArrayList.forEach(ArrayList.java:1511)&#13;
	at java.base/java.util.ArrayList.forEach(ArrayList.java:1511)&#13;
&#13;
</error>
    </testcase>
  </testsuite>
</testrun>
